<?xml version="1.0" encoding="UTF-8"?>
<!-- Generated by org.testng.reporters.JUnitReportReporter -->
<testsuite hostname="LAPTOP-KNRBTKRH" failures="0" tests="2" name="com.testng.TestNg" time="6.498" errors="0" timestamp="01 Jun 2021 13:47:29 GMT" skipped="0">
  <testcase classname="com.testng.TestNg" name="testLogout" time="0.007"/>
  <testcase classname="com.testng.TestNg" name="testLogin" time="6.491"/>
</testsuite> <!-- com.testng.TestNg -->
