<?xml version="1.0" encoding="UTF-8"?>
<!-- Generated by org.testng.reporters.JUnitReportReporter -->
<testsuite hostname="LAPTOP-KNRBTKRH" failures="0" tests="2" name="com.testng.TestNg2" time="5.679" errors="0" timestamp="01 Jun 2021 13:47:29 GMT" skipped="0">
  <testcase classname="com.testng.TestNg2" name="testLogout" time="0.008"/>
  <testcase classname="com.testng.TestNg2" name="testTitle" time="5.671"/>
</testsuite> <!-- com.testng.TestNg2 -->
